<?xml version="1.0" encoding="UTF-8"?>
<!-- Generated by org.testng.reporters.JUnitXMLReporter -->
<testsuite ignored="0" hostname="Kushalas-MacBook-Pro.local" failures="0" tests="3" name="Default test" time="117.933" errors="0" timestamp="12 Nov 2018 10:54:05 GMT">
  <testcase classname="com.way2sms.qa.testcases.SendSMSTest" name="sendSmSTest" time="4.368"/>
  <testcase classname="com.way2sms.qa.testcases.SendSMSTest" name="sendLangSms" time="19.668"/>
  <testcase classname="com.way2sms.qa.testcases.SendSMSTest" name="testGrpSms" time="12.095"/>
</testsuite> <!-- Default test -->
