<?xml version="1.0" encoding="UTF-8"?>
<testng-results ignored="0" total="3" passed="3" failed="0" skipped="0">
  <reporter-output>
  </reporter-output>
  <suite started-at="2018-11-12T10:52:06Z" name="Default suite" finished-at="2018-11-12T10:54:04Z" duration-ms="117933">
    <groups>
    </groups>
    <test started-at="2018-11-12T10:52:06Z" name="Default test" finished-at="2018-11-12T10:54:04Z" duration-ms="117933">
      <class name="com.way2sms.qa.testcases.SendSMSTest">
        <test-method is-config="true" signature="setUp()[pri:0, instance:com.way2sms.qa.testcases.SendSMSTest@6e509ffa]" started-at="2018-11-12T16:22:06Z" name="setUp" finished-at="2018-11-12T16:22:29Z" duration-ms="22920" status="PASS">
          <reporter-output>
          </reporter-output>
        </test-method> <!-- setUp -->
        <test-method signature="sendSmSTest()[pri:0, instance:com.way2sms.qa.testcases.SendSMSTest@6e509ffa]" started-at="2018-11-12T16:22:29Z" name="sendSmSTest" finished-at="2018-11-12T16:22:34Z" duration-ms="4368" status="PASS">
          <reporter-output>
          </reporter-output>
        </test-method> <!-- sendSmSTest -->
        <test-method is-config="true" signature="tearDown()[pri:0, instance:com.way2sms.qa.testcases.SendSMSTest@6e509ffa]" started-at="2018-11-12T16:22:34Z" name="tearDown" finished-at="2018-11-12T16:22:38Z" duration-ms="4117" status="PASS">
          <reporter-output>
          </reporter-output>
        </test-method> <!-- tearDown -->
        <test-method is-config="true" signature="setUp()[pri:0, instance:com.way2sms.qa.testcases.SendSMSTest@6e509ffa]" started-at="2018-11-12T16:22:38Z" name="setUp" finished-at="2018-11-12T16:23:00Z" duration-ms="22362" status="PASS">
          <reporter-output>
          </reporter-output>
        </test-method> <!-- setUp -->
        <test-method signature="sendLangSms()[pri:1, instance:com.way2sms.qa.testcases.SendSMSTest@6e509ffa]" started-at="2018-11-12T16:23:00Z" name="sendLangSms" finished-at="2018-11-12T16:23:20Z" duration-ms="19668" status="PASS">
          <reporter-output>
          </reporter-output>
        </test-method> <!-- sendLangSms -->
        <test-method is-config="true" signature="tearDown()[pri:0, instance:com.way2sms.qa.testcases.SendSMSTest@6e509ffa]" started-at="2018-11-12T16:23:20Z" name="tearDown" finished-at="2018-11-12T16:23:24Z" duration-ms="4041" status="PASS">
          <reporter-output>
          </reporter-output>
        </test-method> <!-- tearDown -->
        <test-method is-config="true" signature="setUp()[pri:0, instance:com.way2sms.qa.testcases.SendSMSTest@6e509ffa]" started-at="2018-11-12T16:23:24Z" name="setUp" finished-at="2018-11-12T16:23:47Z" duration-ms="23220" status="PASS">
          <reporter-output>
          </reporter-output>
        </test-method> <!-- setUp -->
        <test-method signature="testGrpSms()[pri:2, instance:com.way2sms.qa.testcases.SendSMSTest@6e509ffa]" started-at="2018-11-12T16:23:47Z" name="testGrpSms" finished-at="2018-11-12T16:23:59Z" duration-ms="12095" status="PASS">
          <reporter-output>
          </reporter-output>
        </test-method> <!-- testGrpSms -->
        <test-method is-config="true" signature="tearDown()[pri:0, instance:com.way2sms.qa.testcases.SendSMSTest@6e509ffa]" started-at="2018-11-12T16:23:59Z" name="tearDown" finished-at="2018-11-12T16:24:04Z" duration-ms="5119" status="PASS">
          <reporter-output>
          </reporter-output>
        </test-method> <!-- tearDown -->
      </class> <!-- com.way2sms.qa.testcases.SendSMSTest -->
    </test> <!-- Default test -->
  </suite> <!-- Default suite -->
</testng-results>
